<?xml version="1.0" encoding="UTF-8"?>
<!-- Generated by org.testng.reporters.JUnitXMLReporter -->
<testsuite hostname="DESKTOP-DGJD4V4" name="Default test" tests="98" failures="11" timestamp="31 May 2018 02:21:43 GMT" time="5.738" errors="0">
  <testcase name="postSaveParametersTestBigGunCountIsDecimal" time="0.672" classname="com.homePage.SaveParametersTest"/>
  <testcase name="postSaveParametersTestBigGunCountIsEmpty" time="0.069" classname="com.homePage.SaveParametersTest"/>
  <testcase name="postSaveParametersTestBigGunCountIsLong" time="0.016" classname="com.homePage.SaveParametersTest"/>
  <testcase name="postSaveParametersTestBigGunCountIsMax" time="0.078" classname="com.homePage.SaveParametersTest"/>
  <testcase name="postSaveParametersTestBigGunCountIsNegativeNumber" time="0.016" classname="com.homePage.SaveParametersTest"/>
  <testcase name="postSaveParametersTestBigGunCountIsNull" time="0.062" classname="com.homePage.SaveParametersTest"/>
  <testcase name="postSaveParametersTestBigGunCountIsSpace" time="0.078" classname="com.homePage.SaveParametersTest"/>
  <testcase name="postSaveParametersTestBigGunCountIsString" time="0.016" classname="com.homePage.SaveParametersTest"/>
  <testcase name="postSaveParametersTestBigGunCountIsZero" time="0.078" classname="com.homePage.SaveParametersTest">
    <failure type="org.junit.ComparisonFailure" message="expected:&amp;lt;&amp;quot;[0]&amp;quot;&amp;gt; but was:&amp;lt;&amp;quot;[3]&amp;quot;&amp;gt;">
      <![CDATA[org.junit.ComparisonFailure: expected:<"[0]"> but was:<"[3]">
	at sun.reflect.NativeConstructorAccessorImpl.newInstance0(Native Method)
	at sun.reflect.NativeConstructorAccessorImpl.newInstance(NativeConstructorAccessorImpl.java:62)
	at sun.reflect.DelegatingConstructorAccessorImpl.newInstance(DelegatingConstructorAccessorImpl.java:45)
	at com.homePage.SaveParametersTest.postSaveParametersTestBigGunCountIsZero(SaveParametersTest.java:565)
	at sun.reflect.NativeMethodAccessorImpl.invoke0(Native Method)
	at sun.reflect.NativeMethodAccessorImpl.invoke(NativeMethodAccessorImpl.java:62)
	at sun.reflect.DelegatingMethodAccessorImpl.invoke(DelegatingMethodAccessorImpl.java:43)
	at java.lang.reflect.Method.invoke(Method.java:498)
	at org.testng.internal.MethodInvocationHelper.invokeMethod(MethodInvocationHelper.java:85)
	at org.testng.internal.Invoker.invokeMethod(Invoker.java:659)
	at org.testng.internal.Invoker.invokeTestMethod(Invoker.java:845)
	at org.testng.internal.Invoker.invokeTestMethods(Invoker.java:1153)
	at org.testng.internal.TestMethodWorker.invokeTestMethods(TestMethodWorker.java:125)
	at org.testng.internal.TestMethodWorker.run(TestMethodWorker.java:108)
	at org.testng.TestRunner.privateRun(TestRunner.java:771)
	at org.testng.TestRunner.run(TestRunner.java:621)
	at org.testng.SuiteRunner.runTest(SuiteRunner.java:357)
	at org.testng.SuiteRunner.runSequentially(SuiteRunner.java:352)
	at org.testng.SuiteRunner.privateRun(SuiteRunner.java:310)
	at org.testng.SuiteRunner.run(SuiteRunner.java:259)
	at org.testng.SuiteRunnerWorker.runSuite(SuiteRunnerWorker.java:52)
	at org.testng.SuiteRunnerWorker.run(SuiteRunnerWorker.java:86)
	at org.testng.TestNG.runSuitesSequentially(TestNG.java:1199)
	at org.testng.TestNG.runSuitesLocally(TestNG.java:1124)
	at org.testng.TestNG.run(TestNG.java:1032)
	at org.testng.remote.AbstractRemoteTestNG.run(AbstractRemoteTestNG.java:114)
	at org.testng.remote.RemoteTestNG.initAndRun(RemoteTestNG.java:251)
	at org.testng.remote.RemoteTestNG.main(RemoteTestNG.java:77)
]]>
    </failure>
  </testcase> <!-- postSaveParametersTestBigGunCountIsZero -->
  <testcase name="postSaveParametersTestBigGunCountNonSubmissionParameters" time="0.078" classname="com.homePage.SaveParametersTest">
    <failure type="org.junit.ComparisonFailure" message="expected:&amp;lt;&amp;quot;[3]&amp;quot;&amp;gt; but was:&amp;lt;&amp;quot;[1]&amp;quot;&amp;gt;">
      <![CDATA[org.junit.ComparisonFailure: expected:<"[3]"> but was:<"[1]">
	at sun.reflect.NativeConstructorAccessorImpl.newInstance0(Native Method)
	at sun.reflect.NativeConstructorAccessorImpl.newInstance(NativeConstructorAccessorImpl.java:62)
	at sun.reflect.DelegatingConstructorAccessorImpl.newInstance(DelegatingConstructorAccessorImpl.java:45)
	at com.homePage.SaveParametersTest.postSaveParametersTestBigGunCountNonSubmissionParameters(SaveParametersTest.java:700)
	at sun.reflect.NativeMethodAccessorImpl.invoke0(Native Method)
	at sun.reflect.NativeMethodAccessorImpl.invoke(NativeMethodAccessorImpl.java:62)
	at sun.reflect.DelegatingMethodAccessorImpl.invoke(DelegatingMethodAccessorImpl.java:43)
	at java.lang.reflect.Method.invoke(Method.java:498)
	at org.testng.internal.MethodInvocationHelper.invokeMethod(MethodInvocationHelper.java:85)
	at org.testng.internal.Invoker.invokeMethod(Invoker.java:659)
	at org.testng.internal.Invoker.invokeTestMethod(Invoker.java:845)
	at org.testng.internal.Invoker.invokeTestMethods(Invoker.java:1153)
	at org.testng.internal.TestMethodWorker.invokeTestMethods(TestMethodWorker.java:125)
	at org.testng.internal.TestMethodWorker.run(TestMethodWorker.java:108)
	at org.testng.TestRunner.privateRun(TestRunner.java:771)
	at org.testng.TestRunner.run(TestRunner.java:621)
	at org.testng.SuiteRunner.runTest(SuiteRunner.java:357)
	at org.testng.SuiteRunner.runSequentially(SuiteRunner.java:352)
	at org.testng.SuiteRunner.privateRun(SuiteRunner.java:310)
	at org.testng.SuiteRunner.run(SuiteRunner.java:259)
	at org.testng.SuiteRunnerWorker.runSuite(SuiteRunnerWorker.java:52)
	at org.testng.SuiteRunnerWorker.run(SuiteRunnerWorker.java:86)
	at org.testng.TestNG.runSuitesSequentially(TestNG.java:1199)
	at org.testng.TestNG.runSuitesLocally(TestNG.java:1124)
	at org.testng.TestNG.run(TestNG.java:1032)
	at org.testng.remote.AbstractRemoteTestNG.run(AbstractRemoteTestNG.java:114)
	at org.testng.remote.RemoteTestNG.initAndRun(RemoteTestNG.java:251)
	at org.testng.remote.RemoteTestNG.main(RemoteTestNG.java:77)
]]>
    </failure>
  </testcase> <!-- postSaveParametersTestBigGunCountNonSubmissionParameters -->
  <testcase name="postSaveParametersTestBigGunHigh" time="0.015" classname="com.homePage.SaveParametersTest"/>
  <testcase name="postSaveParametersTestBigGunHighIsDecimal" time="0.079" classname="com.homePage.SaveParametersTest"/>
  <testcase name="postSaveParametersTestBigGunHighIsEmpty" time="0.062" classname="com.homePage.SaveParametersTest"/>
  <testcase name="postSaveParametersTestBigGunHighIsMax" time="0.078" classname="com.homePage.SaveParametersTest"/>
  <testcase name="postSaveParametersTestBigGunHighIsNegativeNumber" time="0.015" classname="com.homePage.SaveParametersTest"/>
  <testcase name="postSaveParametersTestBigGunHighIsNull" time="0.079" classname="com.homePage.SaveParametersTest"/>
  <testcase name="postSaveParametersTestBigGunHighIsSpace" time="0.078" classname="com.homePage.SaveParametersTest"/>
  <testcase name="postSaveParametersTestBigGunHighIsString" time="0.016" classname="com.homePage.SaveParametersTest"/>
  <testcase name="postSaveParametersTestBigGunHighIsZero" time="0.062" classname="com.homePage.SaveParametersTest">
    <failure type="org.junit.ComparisonFailure" message="expected:&amp;lt;&amp;quot;[0]&amp;quot;&amp;gt; but was:&amp;lt;&amp;quot;[128]&amp;quot;&amp;gt;">
      <![CDATA[org.junit.ComparisonFailure: expected:<"[0]"> but was:<"[128]">
	at sun.reflect.NativeConstructorAccessorImpl.newInstance0(Native Method)
	at sun.reflect.NativeConstructorAccessorImpl.newInstance(NativeConstructorAccessorImpl.java:62)
	at sun.reflect.DelegatingConstructorAccessorImpl.newInstance(DelegatingConstructorAccessorImpl.java:45)
	at com.homePage.SaveParametersTest.postSaveParametersTestBigGunHighIsZero(SaveParametersTest.java:1429)
	at sun.reflect.NativeMethodAccessorImpl.invoke0(Native Method)
	at sun.reflect.NativeMethodAccessorImpl.invoke(NativeMethodAccessorImpl.java:62)
	at sun.reflect.DelegatingMethodAccessorImpl.invoke(DelegatingMethodAccessorImpl.java:43)
	at java.lang.reflect.Method.invoke(Method.java:498)
	at org.testng.internal.MethodInvocationHelper.invokeMethod(MethodInvocationHelper.java:85)
	at org.testng.internal.Invoker.invokeMethod(Invoker.java:659)
	at org.testng.internal.Invoker.invokeTestMethod(Invoker.java:845)
	at org.testng.internal.Invoker.invokeTestMethods(Invoker.java:1153)
	at org.testng.internal.TestMethodWorker.invokeTestMethods(TestMethodWorker.java:125)
	at org.testng.internal.TestMethodWorker.run(TestMethodWorker.java:108)
	at org.testng.TestRunner.privateRun(TestRunner.java:771)
	at org.testng.TestRunner.run(TestRunner.java:621)
	at org.testng.SuiteRunner.runTest(SuiteRunner.java:357)
	at org.testng.SuiteRunner.runSequentially(SuiteRunner.java:352)
	at org.testng.SuiteRunner.privateRun(SuiteRunner.java:310)
	at org.testng.SuiteRunner.run(SuiteRunner.java:259)
	at org.testng.SuiteRunnerWorker.runSuite(SuiteRunnerWorker.java:52)
	at org.testng.SuiteRunnerWorker.run(SuiteRunnerWorker.java:86)
	at org.testng.TestNG.runSuitesSequentially(TestNG.java:1199)
	at org.testng.TestNG.runSuitesLocally(TestNG.java:1124)
	at org.testng.TestNG.run(TestNG.java:1032)
	at org.testng.remote.AbstractRemoteTestNG.run(AbstractRemoteTestNG.java:114)
	at org.testng.remote.RemoteTestNG.initAndRun(RemoteTestNG.java:251)
	at org.testng.remote.RemoteTestNG.main(RemoteTestNG.java:77)
]]>
    </failure>
  </testcase> <!-- postSaveParametersTestBigGunHighIsZero -->
  <testcase name="postSaveParametersTestBigGunHighNonSubmissionParameters" time="0.065" classname="com.homePage.SaveParametersTest"/>
  <testcase name="postSaveParametersTestCarouselIsDecimal" time="0.079" classname="com.homePage.SaveParametersTest"/>
  <testcase name="postSaveParametersTestCarouselIsEmpty" time="0.062" classname="com.homePage.SaveParametersTest"/>
  <testcase name="postSaveParametersTestCarouselIsLong" time="0.016" classname="com.homePage.SaveParametersTest"/>
  <testcase name="postSaveParametersTestCarouselIsMax" time="0.062" classname="com.homePage.SaveParametersTest"/>
  <testcase name="postSaveParametersTestCarouselIsNegativeNumber" time="0.016" classname="com.homePage.SaveParametersTest"/>
  <testcase name="postSaveParametersTestCarouselIsNull" time="0.078" classname="com.homePage.SaveParametersTest"/>
  <testcase name="postSaveParametersTestCarouselIsSpace" time="0.063" classname="com.homePage.SaveParametersTest"/>
  <testcase name="postSaveParametersTestCarouselIsString" time="0.031" classname="com.homePage.SaveParametersTest"/>
  <testcase name="postSaveParametersTestCarouselIsZero" time="0.063" classname="com.homePage.SaveParametersTest">
    <failure type="org.junit.ComparisonFailure" message="expected:&amp;lt;&amp;quot;[0]&amp;quot;&amp;gt; but was:&amp;lt;&amp;quot;[5]&amp;quot;&amp;gt;">
      <![CDATA[org.junit.ComparisonFailure: expected:<"[0]"> but was:<"[5]">
	at sun.reflect.NativeConstructorAccessorImpl.newInstance0(Native Method)
	at sun.reflect.NativeConstructorAccessorImpl.newInstance(NativeConstructorAccessorImpl.java:62)
	at sun.reflect.DelegatingConstructorAccessorImpl.newInstance(DelegatingConstructorAccessorImpl.java:45)
	at com.homePage.SaveParametersTest.postSaveParametersTestCarouselIsZero(SaveParametersTest.java:343)
	at sun.reflect.NativeMethodAccessorImpl.invoke0(Native Method)
	at sun.reflect.NativeMethodAccessorImpl.invoke(NativeMethodAccessorImpl.java:62)
	at sun.reflect.DelegatingMethodAccessorImpl.invoke(DelegatingMethodAccessorImpl.java:43)
	at java.lang.reflect.Method.invoke(Method.java:498)
	at org.testng.internal.MethodInvocationHelper.invokeMethod(MethodInvocationHelper.java:85)
	at org.testng.internal.Invoker.invokeMethod(Invoker.java:659)
	at org.testng.internal.Invoker.invokeTestMethod(Invoker.java:845)
	at org.testng.internal.Invoker.invokeTestMethods(Invoker.java:1153)
	at org.testng.internal.TestMethodWorker.invokeTestMethods(TestMethodWorker.java:125)
	at org.testng.internal.TestMethodWorker.run(TestMethodWorker.java:108)
	at org.testng.TestRunner.privateRun(TestRunner.java:771)
	at org.testng.TestRunner.run(TestRunner.java:621)
	at org.testng.SuiteRunner.runTest(SuiteRunner.java:357)
	at org.testng.SuiteRunner.runSequentially(SuiteRunner.java:352)
	at org.testng.SuiteRunner.privateRun(SuiteRunner.java:310)
	at org.testng.SuiteRunner.run(SuiteRunner.java:259)
	at org.testng.SuiteRunnerWorker.runSuite(SuiteRunnerWorker.java:52)
	at org.testng.SuiteRunnerWorker.run(SuiteRunnerWorker.java:86)
	at org.testng.TestNG.runSuitesSequentially(TestNG.java:1199)
	at org.testng.TestNG.runSuitesLocally(TestNG.java:1124)
	at org.testng.TestNG.run(TestNG.java:1032)
	at org.testng.remote.AbstractRemoteTestNG.run(AbstractRemoteTestNG.java:114)
	at org.testng.remote.RemoteTestNG.initAndRun(RemoteTestNG.java:251)
	at org.testng.remote.RemoteTestNG.main(RemoteTestNG.java:77)
]]>
    </failure>
  </testcase> <!-- postSaveParametersTestCarouselIsZero -->
  <testcase name="postSaveParametersTestCarouselNonSubmissionParameters" time="0.078" classname="com.homePage.SaveParametersTest"/>
  <testcase name="postSaveParametersTestCorrectParameter" time="0.047" classname="com.homePage.SaveParametersTest"/>
  <testcase name="postSaveParametersTestGoodsCountIsDecimal" time="0.063" classname="com.homePage.SaveParametersTest"/>
  <testcase name="postSaveParametersTestGoodsCountIsEmpty" time="0.078" classname="com.homePage.SaveParametersTest"/>
  <testcase name="postSaveParametersTestGoodsCountIsLong" time="0.031" classname="com.homePage.SaveParametersTest"/>
  <testcase name="postSaveParametersTestGoodsCountIsMax" time="0.063" classname="com.homePage.SaveParametersTest"/>
  <testcase name="postSaveParametersTestGoodsCountIsNegativeNumber" time="0.031" classname="com.homePage.SaveParametersTest"/>
  <testcase name="postSaveParametersTestGoodsCountIsNull" time="0.065" classname="com.homePage.SaveParametersTest"/>
  <testcase name="postSaveParametersTestGoodsCountIsSpace" time="0.078" classname="com.homePage.SaveParametersTest"/>
  <testcase name="postSaveParametersTestGoodsCountIsString" time="0.016" classname="com.homePage.SaveParametersTest"/>
  <testcase name="postSaveParametersTestGoodsCountNonSubmissionParameters" time="0.062" classname="com.homePage.SaveParametersTest"/>
  <testcase name="postSaveParametersTestGoodsCountZero" time="0.063" classname="com.homePage.SaveParametersTest">
    <failure type="org.junit.ComparisonFailure" message="expected:&amp;lt;&amp;quot;[0]&amp;quot;&amp;gt; but was:&amp;lt;&amp;quot;[3]&amp;quot;&amp;gt;">
      <![CDATA[org.junit.ComparisonFailure: expected:<"[0]"> but was:<"[3]">
	at sun.reflect.NativeConstructorAccessorImpl.newInstance0(Native Method)
	at sun.reflect.NativeConstructorAccessorImpl.newInstance(NativeConstructorAccessorImpl.java:62)
	at sun.reflect.DelegatingConstructorAccessorImpl.newInstance(DelegatingConstructorAccessorImpl.java:45)
	at com.homePage.SaveParametersTest.postSaveParametersTestGoodsCountZero(SaveParametersTest.java:787)
	at sun.reflect.NativeMethodAccessorImpl.invoke0(Native Method)
	at sun.reflect.NativeMethodAccessorImpl.invoke(NativeMethodAccessorImpl.java:62)
	at sun.reflect.DelegatingMethodAccessorImpl.invoke(DelegatingMethodAccessorImpl.java:43)
	at java.lang.reflect.Method.invoke(Method.java:498)
	at org.testng.internal.MethodInvocationHelper.invokeMethod(MethodInvocationHelper.java:85)
	at org.testng.internal.Invoker.invokeMethod(Invoker.java:659)
	at org.testng.internal.Invoker.invokeTestMethod(Invoker.java:845)
	at org.testng.internal.Invoker.invokeTestMethods(Invoker.java:1153)
	at org.testng.internal.TestMethodWorker.invokeTestMethods(TestMethodWorker.java:125)
	at org.testng.internal.TestMethodWorker.run(TestMethodWorker.java:108)
	at org.testng.TestRunner.privateRun(TestRunner.java:771)
	at org.testng.TestRunner.run(TestRunner.java:621)
	at org.testng.SuiteRunner.runTest(SuiteRunner.java:357)
	at org.testng.SuiteRunner.runSequentially(SuiteRunner.java:352)
	at org.testng.SuiteRunner.privateRun(SuiteRunner.java:310)
	at org.testng.SuiteRunner.run(SuiteRunner.java:259)
	at org.testng.SuiteRunnerWorker.runSuite(SuiteRunnerWorker.java:52)
	at org.testng.SuiteRunnerWorker.run(SuiteRunnerWorker.java:86)
	at org.testng.TestNG.runSuitesSequentially(TestNG.java:1199)
	at org.testng.TestNG.runSuitesLocally(TestNG.java:1124)
	at org.testng.TestNG.run(TestNG.java:1032)
	at org.testng.remote.AbstractRemoteTestNG.run(AbstractRemoteTestNG.java:114)
	at org.testng.remote.RemoteTestNG.initAndRun(RemoteTestNG.java:251)
	at org.testng.remote.RemoteTestNG.main(RemoteTestNG.java:77)
]]>
    </failure>
  </testcase> <!-- postSaveParametersTestGoodsCountZero -->
  <testcase name="postSaveParametersTestGoodsHighIsDecimal" time="0.078" classname="com.homePage.SaveParametersTest"/>
  <testcase name="postSaveParametersTestGoodsHighIsEmpty" time="0.078" classname="com.homePage.SaveParametersTest"/>
  <testcase name="postSaveParametersTestGoodsHighIsLong" time="0.016" classname="com.homePage.SaveParametersTest"/>
  <testcase name="postSaveParametersTestGoodsHighIsMax" time="0.062" classname="com.homePage.SaveParametersTest"/>
  <testcase name="postSaveParametersTestGoodsHighIsNegativeNumber" time="0.015" classname="com.homePage.SaveParametersTest"/>
  <testcase name="postSaveParametersTestGoodsHighIsSpace" time="0.063" classname="com.homePage.SaveParametersTest"/>
  <testcase name="postSaveParametersTestGoodsHighIsString" time="0.031" classname="com.homePage.SaveParametersTest"/>
  <testcase name="postSaveParametersTestGoodsHighIsZero" time="0.063" classname="com.homePage.SaveParametersTest">
    <failure type="org.junit.ComparisonFailure" message="expected:&amp;lt;&amp;quot;[0]&amp;quot;&amp;gt; but was:&amp;lt;&amp;quot;[192]&amp;quot;&amp;gt;">
      <![CDATA[org.junit.ComparisonFailure: expected:<"[0]"> but was:<"[192]">
	at sun.reflect.NativeConstructorAccessorImpl.newInstance0(Native Method)
	at sun.reflect.NativeConstructorAccessorImpl.newInstance(NativeConstructorAccessorImpl.java:62)
	at sun.reflect.DelegatingConstructorAccessorImpl.newInstance(DelegatingConstructorAccessorImpl.java:45)
	at com.homePage.SaveParametersTest.postSaveParametersTestGoodsHighIsZero(SaveParametersTest.java:1872)
	at sun.reflect.NativeMethodAccessorImpl.invoke0(Native Method)
	at sun.reflect.NativeMethodAccessorImpl.invoke(NativeMethodAccessorImpl.java:62)
	at sun.reflect.DelegatingMethodAccessorImpl.invoke(DelegatingMethodAccessorImpl.java:43)
	at java.lang.reflect.Method.invoke(Method.java:498)
	at org.testng.internal.MethodInvocationHelper.invokeMethod(MethodInvocationHelper.java:85)
	at org.testng.internal.Invoker.invokeMethod(Invoker.java:659)
	at org.testng.internal.Invoker.invokeTestMethod(Invoker.java:845)
	at org.testng.internal.Invoker.invokeTestMethods(Invoker.java:1153)
	at org.testng.internal.TestMethodWorker.invokeTestMethods(TestMethodWorker.java:125)
	at org.testng.internal.TestMethodWorker.run(TestMethodWorker.java:108)
	at org.testng.TestRunner.privateRun(TestRunner.java:771)
	at org.testng.TestRunner.run(TestRunner.java:621)
	at org.testng.SuiteRunner.runTest(SuiteRunner.java:357)
	at org.testng.SuiteRunner.runSequentially(SuiteRunner.java:352)
	at org.testng.SuiteRunner.privateRun(SuiteRunner.java:310)
	at org.testng.SuiteRunner.run(SuiteRunner.java:259)
	at org.testng.SuiteRunnerWorker.runSuite(SuiteRunnerWorker.java:52)
	at org.testng.SuiteRunnerWorker.run(SuiteRunnerWorker.java:86)
	at org.testng.TestNG.runSuitesSequentially(TestNG.java:1199)
	at org.testng.TestNG.runSuitesLocally(TestNG.java:1124)
	at org.testng.TestNG.run(TestNG.java:1032)
	at org.testng.remote.AbstractRemoteTestNG.run(AbstractRemoteTestNG.java:114)
	at org.testng.remote.RemoteTestNG.initAndRun(RemoteTestNG.java:251)
	at org.testng.remote.RemoteTestNG.main(RemoteTestNG.java:77)
]]>
    </failure>
  </testcase> <!-- postSaveParametersTestGoodsHighIsZero -->
  <testcase name="postSaveParametersTestGoodsHighNonSubmissionParameters" time="0.093" classname="com.homePage.SaveParametersTest"/>
  <testcase name="postSaveParametersTestMixtureHigh" time="0.016" classname="com.homePage.SaveParametersTest"/>
  <testcase name="postSaveParametersTestMixtureHighIsDecimal" time="0.063" classname="com.homePage.SaveParametersTest"/>
  <testcase name="postSaveParametersTestMixtureHighIsEmpty" time="0.078" classname="com.homePage.SaveParametersTest"/>
  <testcase name="postSaveParametersTestMixtureHighIsMax" time="0.078" classname="com.homePage.SaveParametersTest"/>
  <testcase name="postSaveParametersTestMixtureHighIsNegativeNumber" time="0.017" classname="com.homePage.SaveParametersTest"/>
  <testcase name="postSaveParametersTestMixtureHighIsNull" time="0.109" classname="com.homePage.SaveParametersTest"/>
  <testcase name="postSaveParametersTestMixtureHighIsSpace" time="0.063" classname="com.homePage.SaveParametersTest"/>
  <testcase name="postSaveParametersTestMixtureHighIsString" time="0.031" classname="com.homePage.SaveParametersTest"/>
  <testcase name="postSaveParametersTestMixtureHighIsZero" time="0.063" classname="com.homePage.SaveParametersTest">
    <failure type="org.junit.ComparisonFailure" message="expected:&amp;lt;&amp;quot;[0]&amp;quot;&amp;gt; but was:&amp;lt;&amp;quot;[128]&amp;quot;&amp;gt;">
      <![CDATA[org.junit.ComparisonFailure: expected:<"[0]"> but was:<"[128]">
	at sun.reflect.NativeConstructorAccessorImpl.newInstance0(Native Method)
	at sun.reflect.NativeConstructorAccessorImpl.newInstance(NativeConstructorAccessorImpl.java:62)
	at sun.reflect.DelegatingConstructorAccessorImpl.newInstance(DelegatingConstructorAccessorImpl.java:45)
	at com.homePage.SaveParametersTest.postSaveParametersTestMixtureHighIsZero(SaveParametersTest.java:1207)
	at sun.reflect.NativeMethodAccessorImpl.invoke0(Native Method)
	at sun.reflect.NativeMethodAccessorImpl.invoke(NativeMethodAccessorImpl.java:62)
	at sun.reflect.DelegatingMethodAccessorImpl.invoke(DelegatingMethodAccessorImpl.java:43)
	at java.lang.reflect.Method.invoke(Method.java:498)
	at org.testng.internal.MethodInvocationHelper.invokeMethod(MethodInvocationHelper.java:85)
	at org.testng.internal.Invoker.invokeMethod(Invoker.java:659)
	at org.testng.internal.Invoker.invokeTestMethod(Invoker.java:845)
	at org.testng.internal.Invoker.invokeTestMethods(Invoker.java:1153)
	at org.testng.internal.TestMethodWorker.invokeTestMethods(TestMethodWorker.java:125)
	at org.testng.internal.TestMethodWorker.run(TestMethodWorker.java:108)
	at org.testng.TestRunner.privateRun(TestRunner.java:771)
	at org.testng.TestRunner.run(TestRunner.java:621)
	at org.testng.SuiteRunner.runTest(SuiteRunner.java:357)
	at org.testng.SuiteRunner.runSequentially(SuiteRunner.java:352)
	at org.testng.SuiteRunner.privateRun(SuiteRunner.java:310)
	at org.testng.SuiteRunner.run(SuiteRunner.java:259)
	at org.testng.SuiteRunnerWorker.runSuite(SuiteRunnerWorker.java:52)
	at org.testng.SuiteRunnerWorker.run(SuiteRunnerWorker.java:86)
	at org.testng.TestNG.runSuitesSequentially(TestNG.java:1199)
	at org.testng.TestNG.runSuitesLocally(TestNG.java:1124)
	at org.testng.TestNG.run(TestNG.java:1032)
	at org.testng.remote.AbstractRemoteTestNG.run(AbstractRemoteTestNG.java:114)
	at org.testng.remote.RemoteTestNG.initAndRun(RemoteTestNG.java:251)
	at org.testng.remote.RemoteTestNG.main(RemoteTestNG.java:77)
]]>
    </failure>
  </testcase> <!-- postSaveParametersTestMixtureHighIsZero -->
  <testcase name="postSaveParametersTestMixtureHighNonSubmissionParameters" time="0.062" classname="com.homePage.SaveParametersTest"/>
  <testcase name="postSaveParametersTestShopHighIsDecimal" time="0.063" classname="com.homePage.SaveParametersTest"/>
  <testcase name="postSaveParametersTestShopHighIsEmpty" time="0.078" classname="com.homePage.SaveParametersTest"/>
  <testcase name="postSaveParametersTestShopHighIsLong" time="0.015" classname="com.homePage.SaveParametersTest"/>
  <testcase name="postSaveParametersTestShopHighIsMax" time="0.063" classname="com.homePage.SaveParametersTest"/>
  <testcase name="postSaveParametersTestShopHighIsNegativeNumber" time="0.031" classname="com.homePage.SaveParametersTest"/>
  <testcase name="postSaveParametersTestShopHighIsNull" time="0.063" classname="com.homePage.SaveParametersTest"/>
  <testcase name="postSaveParametersTestShopHighIsSpace" time="0.078" classname="com.homePage.SaveParametersTest"/>
  <testcase name="postSaveParametersTestShopHighIsString" time="0.015" classname="com.homePage.SaveParametersTest"/>
  <testcase name="postSaveParametersTestShopHighIsZero" time="0.063" classname="com.homePage.SaveParametersTest">
    <failure type="org.junit.ComparisonFailure" message="expected:&amp;lt;&amp;quot;[0]&amp;quot;&amp;gt; but was:&amp;lt;&amp;quot;[192]&amp;quot;&amp;gt;">
      <![CDATA[org.junit.ComparisonFailure: expected:<"[0]"> but was:<"[192]">
	at sun.reflect.NativeConstructorAccessorImpl.newInstance0(Native Method)
	at sun.reflect.NativeConstructorAccessorImpl.newInstance(NativeConstructorAccessorImpl.java:62)
	at sun.reflect.DelegatingConstructorAccessorImpl.newInstance(DelegatingConstructorAccessorImpl.java:45)
	at com.homePage.SaveParametersTest.postSaveParametersTestShopHighIsZero(SaveParametersTest.java:1651)
	at sun.reflect.NativeMethodAccessorImpl.invoke0(Native Method)
	at sun.reflect.NativeMethodAccessorImpl.invoke(NativeMethodAccessorImpl.java:62)
	at sun.reflect.DelegatingMethodAccessorImpl.invoke(DelegatingMethodAccessorImpl.java:43)
	at java.lang.reflect.Method.invoke(Method.java:498)
	at org.testng.internal.MethodInvocationHelper.invokeMethod(MethodInvocationHelper.java:85)
	at org.testng.internal.Invoker.invokeMethod(Invoker.java:659)
	at org.testng.internal.Invoker.invokeTestMethod(Invoker.java:845)
	at org.testng.internal.Invoker.invokeTestMethods(Invoker.java:1153)
	at org.testng.internal.TestMethodWorker.invokeTestMethods(TestMethodWorker.java:125)
	at org.testng.internal.TestMethodWorker.run(TestMethodWorker.java:108)
	at org.testng.TestRunner.privateRun(TestRunner.java:771)
	at org.testng.TestRunner.run(TestRunner.java:621)
	at org.testng.SuiteRunner.runTest(SuiteRunner.java:357)
	at org.testng.SuiteRunner.runSequentially(SuiteRunner.java:352)
	at org.testng.SuiteRunner.privateRun(SuiteRunner.java:310)
	at org.testng.SuiteRunner.run(SuiteRunner.java:259)
	at org.testng.SuiteRunnerWorker.runSuite(SuiteRunnerWorker.java:52)
	at org.testng.SuiteRunnerWorker.run(SuiteRunnerWorker.java:86)
	at org.testng.TestNG.runSuitesSequentially(TestNG.java:1199)
	at org.testng.TestNG.runSuitesLocally(TestNG.java:1124)
	at org.testng.TestNG.run(TestNG.java:1032)
	at org.testng.remote.AbstractRemoteTestNG.run(AbstractRemoteTestNG.java:114)
	at org.testng.remote.RemoteTestNG.initAndRun(RemoteTestNG.java:251)
	at org.testng.remote.RemoteTestNG.main(RemoteTestNG.java:77)
]]>
    </failure>
  </testcase> <!-- postSaveParametersTestShopHighIsZero -->
  <testcase name="postSaveParametersTestShopHighNonSubmissionParameters" time="0.062" classname="com.homePage.SaveParametersTest"/>
  <testcase name="postSaveParametersTestUsedCountIsDecimal" time="0.063" classname="com.homePage.SaveParametersTest"/>
  <testcase name="postSaveParametersTestUsedCountIsEmpty" time="0.063" classname="com.homePage.SaveParametersTest"/>
  <testcase name="postSaveParametersTestUsedCountIsLong" time="0.018" classname="com.homePage.SaveParametersTest"/>
  <testcase name="postSaveParametersTestUsedCountIsMax" time="0.064" classname="com.homePage.SaveParametersTest"/>
  <testcase name="postSaveParametersTestUsedCountIsNegativeNumber" time="0.032" classname="com.homePage.SaveParametersTest"/>
  <testcase name="postSaveParametersTestUsedCountIsSpace" time="0.077" classname="com.homePage.SaveParametersTest"/>
  <testcase name="postSaveParametersTestUsedCountIsString" time="0.016" classname="com.homePage.SaveParametersTest"/>
  <testcase name="postSaveParametersTestUsedCountIsZero" time="0.063" classname="com.homePage.SaveParametersTest">
    <failure type="org.junit.ComparisonFailure" message="expected:&amp;lt;&amp;quot;[0]&amp;quot;&amp;gt; but was:&amp;lt;&amp;quot;[3]&amp;quot;&amp;gt;">
      <![CDATA[org.junit.ComparisonFailure: expected:<"[0]"> but was:<"[3]">
	at sun.reflect.NativeConstructorAccessorImpl.newInstance0(Native Method)
	at sun.reflect.NativeConstructorAccessorImpl.newInstance(NativeConstructorAccessorImpl.java:62)
	at sun.reflect.DelegatingConstructorAccessorImpl.newInstance(DelegatingConstructorAccessorImpl.java:45)
	at com.homePage.SaveParametersTest.postSaveParametersTestUsedCountIsZero(SaveParametersTest.java:1008)
	at sun.reflect.NativeMethodAccessorImpl.invoke0(Native Method)
	at sun.reflect.NativeMethodAccessorImpl.invoke(NativeMethodAccessorImpl.java:62)
	at sun.reflect.DelegatingMethodAccessorImpl.invoke(DelegatingMethodAccessorImpl.java:43)
	at java.lang.reflect.Method.invoke(Method.java:498)
	at org.testng.internal.MethodInvocationHelper.invokeMethod(MethodInvocationHelper.java:85)
	at org.testng.internal.Invoker.invokeMethod(Invoker.java:659)
	at org.testng.internal.Invoker.invokeTestMethod(Invoker.java:845)
	at org.testng.internal.Invoker.invokeTestMethods(Invoker.java:1153)
	at org.testng.internal.TestMethodWorker.invokeTestMethods(TestMethodWorker.java:125)
	at org.testng.internal.TestMethodWorker.run(TestMethodWorker.java:108)
	at org.testng.TestRunner.privateRun(TestRunner.java:771)
	at org.testng.TestRunner.run(TestRunner.java:621)
	at org.testng.SuiteRunner.runTest(SuiteRunner.java:357)
	at org.testng.SuiteRunner.runSequentially(SuiteRunner.java:352)
	at org.testng.SuiteRunner.privateRun(SuiteRunner.java:310)
	at org.testng.SuiteRunner.run(SuiteRunner.java:259)
	at org.testng.SuiteRunnerWorker.runSuite(SuiteRunnerWorker.java:52)
	at org.testng.SuiteRunnerWorker.run(SuiteRunnerWorker.java:86)
	at org.testng.TestNG.runSuitesSequentially(TestNG.java:1199)
	at org.testng.TestNG.runSuitesLocally(TestNG.java:1124)
	at org.testng.TestNG.run(TestNG.java:1032)
	at org.testng.remote.AbstractRemoteTestNG.run(AbstractRemoteTestNG.java:114)
	at org.testng.remote.RemoteTestNG.initAndRun(RemoteTestNG.java:251)
	at org.testng.remote.RemoteTestNG.main(RemoteTestNG.java:77)
]]>
    </failure>
  </testcase> <!-- postSaveParametersTestUsedCountIsZero -->
  <testcase name="postSaveParametersTestUsedCountNonSubmissionParameters" time="0.078" classname="com.homePage.SaveParametersTest"/>
  <testcase name="postSaveParametersTestUsedHighIsDecimal" time="0.062" classname="com.homePage.SaveParametersTest"/>
  <testcase name="postSaveParametersTestUsedHighIsEmpty" time="0.063" classname="com.homePage.SaveParametersTest"/>
  <testcase name="postSaveParametersTestUsedHighIsLong" time="0.016" classname="com.homePage.SaveParametersTest"/>
  <testcase name="postSaveParametersTestUsedHighIsMax" time="0.062" classname="com.homePage.SaveParametersTest"/>
  <testcase name="postSaveParametersTestUsedHighIsNegativeNumber" time="0.016" classname="com.homePage.SaveParametersTest"/>
  <testcase name="postSaveParametersTestUsedHighIsNull" time="0.063" classname="com.homePage.SaveParametersTest"/>
  <testcase name="postSaveParametersTestUsedHighIsSpace" time="0.062" classname="com.homePage.SaveParametersTest"/>
  <testcase name="postSaveParametersTestUsedHighIsString" time="0.016" classname="com.homePage.SaveParametersTest"/>
  <testcase name="postSaveParametersTestUsedHighIsZero" time="0.062" classname="com.homePage.SaveParametersTest">
    <failure type="org.junit.ComparisonFailure" message="expected:&amp;lt;&amp;quot;[0]&amp;quot;&amp;gt; but was:&amp;lt;&amp;quot;[192]&amp;quot;&amp;gt;">
      <![CDATA[org.junit.ComparisonFailure: expected:<"[0]"> but was:<"[192]">
	at sun.reflect.NativeConstructorAccessorImpl.newInstance0(Native Method)
	at sun.reflect.NativeConstructorAccessorImpl.newInstance(NativeConstructorAccessorImpl.java:62)
	at sun.reflect.DelegatingConstructorAccessorImpl.newInstance(DelegatingConstructorAccessorImpl.java:45)
	at com.homePage.SaveParametersTest.postSaveParametersTestUsedHighIsZero(SaveParametersTest.java:2070)
	at sun.reflect.NativeMethodAccessorImpl.invoke0(Native Method)
	at sun.reflect.NativeMethodAccessorImpl.invoke(NativeMethodAccessorImpl.java:62)
	at sun.reflect.DelegatingMethodAccessorImpl.invoke(DelegatingMethodAccessorImpl.java:43)
	at java.lang.reflect.Method.invoke(Method.java:498)
	at org.testng.internal.MethodInvocationHelper.invokeMethod(MethodInvocationHelper.java:85)
	at org.testng.internal.Invoker.invokeMethod(Invoker.java:659)
	at org.testng.internal.Invoker.invokeTestMethod(Invoker.java:845)
	at org.testng.internal.Invoker.invokeTestMethods(Invoker.java:1153)
	at org.testng.internal.TestMethodWorker.invokeTestMethods(TestMethodWorker.java:125)
	at org.testng.internal.TestMethodWorker.run(TestMethodWorker.java:108)
	at org.testng.TestRunner.privateRun(TestRunner.java:771)
	at org.testng.TestRunner.run(TestRunner.java:621)
	at org.testng.SuiteRunner.runTest(SuiteRunner.java:357)
	at org.testng.SuiteRunner.runSequentially(SuiteRunner.java:352)
	at org.testng.SuiteRunner.privateRun(SuiteRunner.java:310)
	at org.testng.SuiteRunner.run(SuiteRunner.java:259)
	at org.testng.SuiteRunnerWorker.runSuite(SuiteRunnerWorker.java:52)
	at org.testng.SuiteRunnerWorker.run(SuiteRunnerWorker.java:86)
	at org.testng.TestNG.runSuitesSequentially(TestNG.java:1199)
	at org.testng.TestNG.runSuitesLocally(TestNG.java:1124)
	at org.testng.TestNG.run(TestNG.java:1032)
	at org.testng.remote.AbstractRemoteTestNG.run(AbstractRemoteTestNG.java:114)
	at org.testng.remote.RemoteTestNG.initAndRun(RemoteTestNG.java:251)
	at org.testng.remote.RemoteTestNG.main(RemoteTestNG.java:77)
]]>
    </failure>
  </testcase> <!-- postSaveParametersTestUsedHighIsZero -->
  <testcase name="postSaveParametersTestUsedHighNonSubmissionParameters" time="0.063" classname="com.homePage.SaveParametersTest"/>
  <testcase name="postSaveParametersTestUserIdIllegalCharacters" time="0.016" classname="com.homePage.SaveParametersTest"/>
  <testcase name="postSaveParametersTestUserIdIsDecimal" time="0.015" classname="com.homePage.SaveParametersTest"/>
  <testcase name="postSaveParametersTestUserIdIsEmpty" time="0.016" classname="com.homePage.SaveParametersTest"/>
  <testcase name="postSaveParametersTestUserIdIsError" time="0.015" classname="com.homePage.SaveParametersTest"/>
  <testcase name="postSaveParametersTestUserIdIsNegativeNumber" time="0.016" classname="com.homePage.SaveParametersTest"/>
  <testcase name="postSaveParametersTestUserIdIsNull" time="0.016" classname="com.homePage.SaveParametersTest"/>
  <testcase name="postSaveParametersTestUserIdIsSpace" time="0.015" classname="com.homePage.SaveParametersTest"/>
  <testcase name="postSaveParametersTestUserIdNonSubmissionParameters" time="0.016" classname="com.homePage.SaveParametersTest"/>
  <testcase name="postSaveParametersTestUserIdNotLoggedIn" time="0.031" classname="com.homePage.SaveParametersTest">
    <failure type="org.junit.ComparisonFailure" message="expected:&amp;lt;&amp;quot;[用户未做校验]&amp;quot;&amp;gt; but was:&amp;lt;&amp;quot;[成功]&amp;quot;&amp;gt;">
      <![CDATA[org.junit.ComparisonFailure: expected:<"[用户未做校验]"> but was:<"[成功]">
	at sun.reflect.NativeConstructorAccessorImpl.newInstance0(Native Method)
	at sun.reflect.NativeConstructorAccessorImpl.newInstance(NativeConstructorAccessorImpl.java:62)
	at sun.reflect.DelegatingConstructorAccessorImpl.newInstance(DelegatingConstructorAccessorImpl.java:45)
	at com.homePage.SaveParametersTest.postSaveParametersTestUserIdNotLoggedIn(SaveParametersTest.java:89)
	at sun.reflect.NativeMethodAccessorImpl.invoke0(Native Method)
	at sun.reflect.NativeMethodAccessorImpl.invoke(NativeMethodAccessorImpl.java:62)
	at sun.reflect.DelegatingMethodAccessorImpl.invoke(DelegatingMethodAccessorImpl.java:43)
	at java.lang.reflect.Method.invoke(Method.java:498)
	at org.testng.internal.MethodInvocationHelper.invokeMethod(MethodInvocationHelper.java:85)
	at org.testng.internal.Invoker.invokeMethod(Invoker.java:659)
	at org.testng.internal.Invoker.invokeTestMethod(Invoker.java:845)
	at org.testng.internal.Invoker.invokeTestMethods(Invoker.java:1153)
	at org.testng.internal.TestMethodWorker.invokeTestMethods(TestMethodWorker.java:125)
	at org.testng.internal.TestMethodWorker.run(TestMethodWorker.java:108)
	at org.testng.TestRunner.privateRun(TestRunner.java:771)
	at org.testng.TestRunner.run(TestRunner.java:621)
	at org.testng.SuiteRunner.runTest(SuiteRunner.java:357)
	at org.testng.SuiteRunner.runSequentially(SuiteRunner.java:352)
	at org.testng.SuiteRunner.privateRun(SuiteRunner.java:310)
	at org.testng.SuiteRunner.run(SuiteRunner.java:259)
	at org.testng.SuiteRunnerWorker.runSuite(SuiteRunnerWorker.java:52)
	at org.testng.SuiteRunnerWorker.run(SuiteRunnerWorker.java:86)
	at org.testng.TestNG.runSuitesSequentially(TestNG.java:1199)
	at org.testng.TestNG.runSuitesLocally(TestNG.java:1124)
	at org.testng.TestNG.run(TestNG.java:1032)
	at org.testng.remote.AbstractRemoteTestNG.run(AbstractRemoteTestNG.java:114)
	at org.testng.remote.RemoteTestNG.initAndRun(RemoteTestNG.java:251)
	at org.testng.remote.RemoteTestNG.main(RemoteTestNG.java:77)
]]>
    </failure>
  </testcase> <!-- postSaveParametersTestUserIdNotLoggedIn -->
</testsuite> <!-- Default test -->
