<?xml version="1.0" encoding="UTF-8"?>
<!-- Generated by org.testng.reporters.JUnitReportReporter -->
<testsuite hostname="M0QRPSGAP4T3TPP" name="com.webDynamic.labelManagement.AddCommonLabelTest" tests="30" failures="2" timestamp="24 Jul 2018 10:10:10 GMT" time="1.878" errors="1">
  <testcase name="postSetAndModifyTalantLableTestLableIdIsNull" time="0.037" classname="com.webDynamic.labelManagement.AddCommonLabelTest"/>
  <testcase name="postSetAndModifyTalantLableTestUserIdIsError" time="0.070" classname="com.webDynamic.labelManagement.AddCommonLabelTest">
    <failure type="org.junit.ComparisonFailure" message="expected:&lt;&quot;[添加]成功&quot;&gt; but was:&lt;&quot;[]成功&quot;&gt;">
      <![CDATA[org.junit.ComparisonFailure: expected:<"[添加]成功"> but was:<"[]成功">
	at sun.reflect.NativeConstructorAccessorImpl.newInstance0(Native Method)
	at sun.reflect.NativeConstructorAccessorImpl.newInstance(Unknown Source)
	at sun.reflect.DelegatingConstructorAccessorImpl.newInstance(Unknown Source)
	at com.webDynamic.labelManagement.AddCommonLabelTest.postSetAndModifyTalantLableTestUserIdIsError(AddCommonLabelTest.java:387)
	at sun.reflect.NativeMethodAccessorImpl.invoke0(Native Method)
	at sun.reflect.NativeMethodAccessorImpl.invoke(Unknown Source)
	at sun.reflect.DelegatingMethodAccessorImpl.invoke(Unknown Source)
	at java.lang.reflect.Method.invoke(Unknown Source)
	at org.testng.internal.MethodInvocationHelper.invokeMethod(MethodInvocationHelper.java:85)
	at org.testng.internal.Invoker.invokeMethod(Invoker.java:659)
	at org.testng.internal.Invoker.invokeTestMethod(Invoker.java:845)
	at org.testng.internal.Invoker.invokeTestMethods(Invoker.java:1153)
	at org.testng.internal.TestMethodWorker.invokeTestMethods(TestMethodWorker.java:125)
	at org.testng.internal.TestMethodWorker.run(TestMethodWorker.java:108)
	at org.testng.TestRunner.privateRun(TestRunner.java:771)
	at org.testng.TestRunner.run(TestRunner.java:621)
	at org.testng.SuiteRunner.runTest(SuiteRunner.java:357)
	at org.testng.SuiteRunner.runSequentially(SuiteRunner.java:352)
	at org.testng.SuiteRunner.privateRun(SuiteRunner.java:310)
	at org.testng.SuiteRunner.run(SuiteRunner.java:259)
	at org.testng.SuiteRunnerWorker.runSuite(SuiteRunnerWorker.java:52)
	at org.testng.SuiteRunnerWorker.run(SuiteRunnerWorker.java:86)
	at org.testng.TestNG.runSuitesSequentially(TestNG.java:1199)
	at org.testng.TestNG.runSuitesLocally(TestNG.java:1124)
	at org.testng.TestNG.run(TestNG.java:1032)
	at org.testng.remote.AbstractRemoteTestNG.run(AbstractRemoteTestNG.java:114)
	at org.testng.remote.RemoteTestNG.initAndRun(RemoteTestNG.java:251)
	at org.testng.remote.RemoteTestNG.main(RemoteTestNG.java:77)
]]>
    </failure>
  </testcase> <!-- postSetAndModifyTalantLableTestUserIdIsError -->
  <testcase name="postSetAndModifyTalantLableTestCorrectParameter" time="0.409" classname="com.webDynamic.labelManagement.AddCommonLabelTest"/>
  <testcase name="postSetAndModifyTalantLableTestUserIdIllegalCharacters" time="0.043" classname="com.webDynamic.labelManagement.AddCommonLabelTest"/>
  <testcase name="postSetAndModifyTalantLableTestLableIdIsNegativeNumber" time="0.045" classname="com.webDynamic.labelManagement.AddCommonLabelTest"/>
  <testcase name="postSetAndModifyTalantLableTestLableIdIsString" time="0.041" classname="com.webDynamic.labelManagement.AddCommonLabelTest"/>
  <testcase name="postSetAndModifyTalantLableTestLableIdNonSubmissionParameters" time="0.041" classname="com.webDynamic.labelManagement.AddCommonLabelTest"/>
  <testcase name="postSetAndModifyTalantLableTestLableIdIsEmpty" time="0.041" classname="com.webDynamic.labelManagement.AddCommonLabelTest"/>
  <testcase name="postSetAndModifyTalantLableTestLableIdIsMax" time="0.049" classname="com.webDynamic.labelManagement.AddCommonLabelTest"/>
  <testcase name="postSetAndModifyTalantLableTestLableIdIsError" time="0.045" classname="com.webDynamic.labelManagement.AddCommonLabelTest"/>
  <testcase name="postSetAndModifyTalantLableTestLableIdIsEdit" time="0.067" classname="com.webDynamic.labelManagement.AddCommonLabelTest">
    <error type="java.lang.IndexOutOfBoundsException" message="Index: 0, Size: 0">
      <![CDATA[java.lang.IndexOutOfBoundsException: Index: 0, Size: 0
	at java.util.ArrayList.rangeCheck(Unknown Source)
	at java.util.ArrayList.get(Unknown Source)
	at com.webDynamic.labelManagement.AddCommonLabelTest.postSetAndModifyTalantLableTestLableIdIsEdit(AddCommonLabelTest.java:192)
	at sun.reflect.NativeMethodAccessorImpl.invoke0(Native Method)
	at sun.reflect.NativeMethodAccessorImpl.invoke(Unknown Source)
	at sun.reflect.DelegatingMethodAccessorImpl.invoke(Unknown Source)
	at java.lang.reflect.Method.invoke(Unknown Source)
	at org.testng.internal.MethodInvocationHelper.invokeMethod(MethodInvocationHelper.java:85)
	at org.testng.internal.Invoker.invokeMethod(Invoker.java:659)
	at org.testng.internal.Invoker.invokeTestMethod(Invoker.java:845)
	at org.testng.internal.Invoker.invokeTestMethods(Invoker.java:1153)
	at org.testng.internal.TestMethodWorker.invokeTestMethods(TestMethodWorker.java:125)
	at org.testng.internal.TestMethodWorker.run(TestMethodWorker.java:108)
	at org.testng.TestRunner.privateRun(TestRunner.java:771)
	at org.testng.TestRunner.run(TestRunner.java:621)
	at org.testng.SuiteRunner.runTest(SuiteRunner.java:357)
	at org.testng.SuiteRunner.runSequentially(SuiteRunner.java:352)
	at org.testng.SuiteRunner.privateRun(SuiteRunner.java:310)
	at org.testng.SuiteRunner.run(SuiteRunner.java:259)
	at org.testng.SuiteRunnerWorker.runSuite(SuiteRunnerWorker.java:52)
	at org.testng.SuiteRunnerWorker.run(SuiteRunnerWorker.java:86)
	at org.testng.TestNG.runSuitesSequentially(TestNG.java:1199)
	at org.testng.TestNG.runSuitesLocally(TestNG.java:1124)
	at org.testng.TestNG.run(TestNG.java:1032)
	at org.testng.remote.AbstractRemoteTestNG.run(AbstractRemoteTestNG.java:114)
	at org.testng.remote.RemoteTestNG.initAndRun(RemoteTestNG.java:251)
	at org.testng.remote.RemoteTestNG.main(RemoteTestNG.java:77)
]]>
    </error>
  </testcase> <!-- postSetAndModifyTalantLableTestLableIdIsEdit -->
  <testcase name="postSetAndModifyTalantLableTestUserIdIsDecimal" time="0.049" classname="com.webDynamic.labelManagement.AddCommonLabelTest"/>
  <testcase name="postSetAndModifyTalantLableTestLabelNameNonSubmissionParameters" time="0.046" classname="com.webDynamic.labelManagement.AddCommonLabelTest"/>
  <testcase name="postSetAndModifyTalantLableTestUserIdIsZero" time="0.042" classname="com.webDynamic.labelManagement.AddCommonLabelTest"/>
  <testcase name="postSetAndModifyTalantLableTestLabelNameIsEmpty" time="0.057" classname="com.webDynamic.labelManagement.AddCommonLabelTest"/>
  <testcase name="postSetAndModifyTalantLableTestLableIdIsDecimal" time="0.051" classname="com.webDynamic.labelManagement.AddCommonLabelTest"/>
  <testcase name="postSetAndModifyTalantLableTestLabelNameIsNull" time="0.042" classname="com.webDynamic.labelManagement.AddCommonLabelTest"/>
  <testcase name="postSetAndModifyTalantLableTestLabelNameIsSpace" time="0.084" classname="com.webDynamic.labelManagement.AddCommonLabelTest"/>
  <testcase name="postSetAndModifyTalantLableTestLableIdIsSpace" time="0.041" classname="com.webDynamic.labelManagement.AddCommonLabelTest"/>
  <testcase name="postSetAndModifyTalantLableTestUserIdIsLong" time="0.043" classname="com.webDynamic.labelManagement.AddCommonLabelTest"/>
  <testcase name="postSetAndModifyTalantLableTestLabelNameIsLong" time="0.052" classname="com.webDynamic.labelManagement.AddCommonLabelTest"/>
  <testcase name="postSetAndModifyTalantLableTestUserIdNonSubmissionParameters" time="0.042" classname="com.webDynamic.labelManagement.AddCommonLabelTest"/>
  <testcase name="postSetAndModifyTalantLableTestUserIdIsEmpty" time="0.040" classname="com.webDynamic.labelManagement.AddCommonLabelTest"/>
  <testcase name="postSetAndModifyTalantLableTestLabelNameIllegalCharacters" time="0.090" classname="com.webDynamic.labelManagement.AddCommonLabelTest"/>
  <testcase name="postSetAndModifyTalantLableTestLableIdIsAdd" time="0.084" classname="com.webDynamic.labelManagement.AddCommonLabelTest"/>
  <testcase name="postSetAndModifyTalantLableTestUserIdIsSpace" time="0.041" classname="com.webDynamic.labelManagement.AddCommonLabelTest"/>
  <testcase name="postSetAndModifyTalantLableTestUserIdIsNull" time="0.042" classname="com.webDynamic.labelManagement.AddCommonLabelTest"/>
  <testcase name="postSetAndModifyTalantLableTestUserIdNotLoggedIn" time="0.057" classname="com.webDynamic.labelManagement.AddCommonLabelTest">
    <failure type="org.junit.ComparisonFailure" message="expected:&lt;&quot;[添加]成功&quot;&gt; but was:&lt;&quot;[]成功&quot;&gt;">
      <![CDATA[org.junit.ComparisonFailure: expected:<"[添加]成功"> but was:<"[]成功">
	at sun.reflect.NativeConstructorAccessorImpl.newInstance0(Native Method)
	at sun.reflect.NativeConstructorAccessorImpl.newInstance(Unknown Source)
	at sun.reflect.DelegatingConstructorAccessorImpl.newInstance(Unknown Source)
	at com.webDynamic.labelManagement.AddCommonLabelTest.postSetAndModifyTalantLableTestUserIdNotLoggedIn(AddCommonLabelTest.java:405)
	at sun.reflect.NativeMethodAccessorImpl.invoke0(Native Method)
	at sun.reflect.NativeMethodAccessorImpl.invoke(Unknown Source)
	at sun.reflect.DelegatingMethodAccessorImpl.invoke(Unknown Source)
	at java.lang.reflect.Method.invoke(Unknown Source)
	at org.testng.internal.MethodInvocationHelper.invokeMethod(MethodInvocationHelper.java:85)
	at org.testng.internal.Invoker.invokeMethod(Invoker.java:659)
	at org.testng.internal.Invoker.invokeTestMethod(Invoker.java:845)
	at org.testng.internal.Invoker.invokeTestMethods(Invoker.java:1153)
	at org.testng.internal.TestMethodWorker.invokeTestMethods(TestMethodWorker.java:125)
	at org.testng.internal.TestMethodWorker.run(TestMethodWorker.java:108)
	at org.testng.TestRunner.privateRun(TestRunner.java:771)
	at org.testng.TestRunner.run(TestRunner.java:621)
	at org.testng.SuiteRunner.runTest(SuiteRunner.java:357)
	at org.testng.SuiteRunner.runSequentially(SuiteRunner.java:352)
	at org.testng.SuiteRunner.privateRun(SuiteRunner.java:310)
	at org.testng.SuiteRunner.run(SuiteRunner.java:259)
	at org.testng.SuiteRunnerWorker.runSuite(SuiteRunnerWorker.java:52)
	at org.testng.SuiteRunnerWorker.run(SuiteRunnerWorker.java:86)
	at org.testng.TestNG.runSuitesSequentially(TestNG.java:1199)
	at org.testng.TestNG.runSuitesLocally(TestNG.java:1124)
	at org.testng.TestNG.run(TestNG.java:1032)
	at org.testng.remote.AbstractRemoteTestNG.run(AbstractRemoteTestNG.java:114)
	at org.testng.remote.RemoteTestNG.initAndRun(RemoteTestNG.java:251)
	at org.testng.remote.RemoteTestNG.main(RemoteTestNG.java:77)
]]>
    </failure>
  </testcase> <!-- postSetAndModifyTalantLableTestUserIdNotLoggedIn -->
  <testcase name="postSetAndModifyTalantLableTestLableIdIsLong" time="0.047" classname="com.webDynamic.labelManagement.AddCommonLabelTest"/>
  <testcase name="postSetAndModifyTalantLableTestUserIdIsNegativeNumber" time="0.040" classname="com.webDynamic.labelManagement.AddCommonLabelTest"/>
</testsuite> <!-- com.webDynamic.labelManagement.AddCommonLabelTest -->
