<?xml version="1.0" encoding="UTF-8"?>
<!-- Generated by org.testng.reporters.JUnitReportReporter -->
<testsuite hostname="DESKTOP-G15J5GU" name="com.vine_server.UpdateOrderStateTest" tests="71" failures="3" timestamp="19 Jan 2017 01:29:39 GMT" time="8.885" errors="1">
  <testcase name="updateOrderStateStateCodeIsFiveToFour" time="0.137" classname="com.vine_server.UpdateOrderStateTest"/>
  <testcase name="updateOrderStateStateCodeIsTwoToThree" time="0.095" classname="com.vine_server.UpdateOrderStateTest">
    <failure type="org.junit.ComparisonFailure" message="expected:&lt;&quot;[0000]&quot;&gt; but was:&lt;&quot;[-1]&quot;&gt;">
      <![CDATA[org.junit.ComparisonFailure: expected:<"[0000]"> but was:<"[-1]">
	at sun.reflect.NativeConstructorAccessorImpl.newInstance0(Native Method)
	at sun.reflect.NativeConstructorAccessorImpl.newInstance(NativeConstructorAccessorImpl.java:62)
	at sun.reflect.DelegatingConstructorAccessorImpl.newInstance(DelegatingConstructorAccessorImpl.java:45)
	at com.vine_server.UpdateOrderStateTest.updateOrderStateStateCodeIsTwoToThree(UpdateOrderStateTest.java:870)
	at sun.reflect.NativeMethodAccessorImpl.invoke0(Native Method)
	at sun.reflect.NativeMethodAccessorImpl.invoke(NativeMethodAccessorImpl.java:62)
	at sun.reflect.DelegatingMethodAccessorImpl.invoke(DelegatingMethodAccessorImpl.java:43)
	at java.lang.reflect.Method.invoke(Method.java:498)
	at org.testng.internal.MethodInvocationHelper.invokeMethod(MethodInvocationHelper.java:85)
	at org.testng.internal.Invoker.invokeMethod(Invoker.java:659)
	at org.testng.internal.Invoker.invokeTestMethod(Invoker.java:845)
	at org.testng.internal.Invoker.invokeTestMethods(Invoker.java:1153)
	at org.testng.internal.TestMethodWorker.invokeTestMethods(TestMethodWorker.java:125)
	at org.testng.internal.TestMethodWorker.run(TestMethodWorker.java:108)
	at org.testng.TestRunner.privateRun(TestRunner.java:771)
	at org.testng.TestRunner.run(TestRunner.java:621)
	at org.testng.SuiteRunner.runTest(SuiteRunner.java:357)
	at org.testng.SuiteRunner.runSequentially(SuiteRunner.java:352)
	at org.testng.SuiteRunner.privateRun(SuiteRunner.java:310)
	at org.testng.SuiteRunner.run(SuiteRunner.java:259)
	at org.testng.SuiteRunnerWorker.runSuite(SuiteRunnerWorker.java:52)
	at org.testng.SuiteRunnerWorker.run(SuiteRunnerWorker.java:86)
	at org.testng.TestNG.runSuitesSequentially(TestNG.java:1199)
	at org.testng.TestNG.runSuitesLocally(TestNG.java:1124)
	at org.testng.TestNG.run(TestNG.java:1032)
	at org.testng.remote.AbstractRemoteTestNG.run(AbstractRemoteTestNG.java:132)
	at org.testng.remote.RemoteTestNG.initAndRun(RemoteTestNG.java:236)
	at org.testng.remote.RemoteTestNG.main(RemoteTestNG.java:81)
]]>
    </failure>
  </testcase> <!-- updateOrderStateStateCodeIsTwoToThree -->
  <testcase name="updateOrderStateOrderIdIsNull" time="0.107" classname="com.vine_server.UpdateOrderStateTest"/>
  <testcase name="updateOrderStateStateCodeIsOneToTwo" time="0.122" classname="com.vine_server.UpdateOrderStateTest"/>
  <testcase name="updateOrderStateStateCodeIsZeroToErro" time="0.160" classname="com.vine_server.UpdateOrderStateTest"/>
  <testcase name="updateOrderStateStateCodeIsRevokeToFour" time="0.130" classname="com.vine_server.UpdateOrderStateTest"/>
  <testcase name="updateOrderStateExpectedDateOfArrivalNonExistent" time="0.047" classname="com.vine_server.UpdateOrderStateTest">
    <failure type="org.junit.ComparisonFailure" message="expected:&lt;&quot;[0000]&quot;&gt; but was:&lt;&quot;[9999]&quot;&gt;">
      <![CDATA[org.junit.ComparisonFailure: expected:<"[0000]"> but was:<"[9999]">
	at sun.reflect.NativeConstructorAccessorImpl.newInstance0(Native Method)
	at sun.reflect.NativeConstructorAccessorImpl.newInstance(NativeConstructorAccessorImpl.java:62)
	at sun.reflect.DelegatingConstructorAccessorImpl.newInstance(DelegatingConstructorAccessorImpl.java:45)
	at com.vine_server.UpdateOrderStateTest.updateOrderStateExpectedDateOfArrivalNonExistent(UpdateOrderStateTest.java:1835)
	at sun.reflect.NativeMethodAccessorImpl.invoke0(Native Method)
	at sun.reflect.NativeMethodAccessorImpl.invoke(NativeMethodAccessorImpl.java:62)
	at sun.reflect.DelegatingMethodAccessorImpl.invoke(DelegatingMethodAccessorImpl.java:43)
	at java.lang.reflect.Method.invoke(Method.java:498)
	at org.testng.internal.MethodInvocationHelper.invokeMethod(MethodInvocationHelper.java:85)
	at org.testng.internal.Invoker.invokeMethod(Invoker.java:659)
	at org.testng.internal.Invoker.invokeTestMethod(Invoker.java:845)
	at org.testng.internal.Invoker.invokeTestMethods(Invoker.java:1153)
	at org.testng.internal.TestMethodWorker.invokeTestMethods(TestMethodWorker.java:125)
	at org.testng.internal.TestMethodWorker.run(TestMethodWorker.java:108)
	at org.testng.TestRunner.privateRun(TestRunner.java:771)
	at org.testng.TestRunner.run(TestRunner.java:621)
	at org.testng.SuiteRunner.runTest(SuiteRunner.java:357)
	at org.testng.SuiteRunner.runSequentially(SuiteRunner.java:352)
	at org.testng.SuiteRunner.privateRun(SuiteRunner.java:310)
	at org.testng.SuiteRunner.run(SuiteRunner.java:259)
	at org.testng.SuiteRunnerWorker.runSuite(SuiteRunnerWorker.java:52)
	at org.testng.SuiteRunnerWorker.run(SuiteRunnerWorker.java:86)
	at org.testng.TestNG.runSuitesSequentially(TestNG.java:1199)
	at org.testng.TestNG.runSuitesLocally(TestNG.java:1124)
	at org.testng.TestNG.run(TestNG.java:1032)
	at org.testng.remote.AbstractRemoteTestNG.run(AbstractRemoteTestNG.java:132)
	at org.testng.remote.RemoteTestNG.initAndRun(RemoteTestNG.java:236)
	at org.testng.remote.RemoteTestNG.main(RemoteTestNG.java:81)
]]>
    </failure>
  </testcase> <!-- updateOrderStateExpectedDateOfArrivalNonExistent -->
  <testcase name="updateOrderStateStateCodeIsRevokeToThree" time="0.122" classname="com.vine_server.UpdateOrderStateTest"/>
  <testcase name="updateOrderStateExpectedDateOfArrivalIsNull" time="0.103" classname="com.vine_server.UpdateOrderStateTest">
    <failure type="org.junit.ComparisonFailure" message="expected:&lt;&quot;[9999]&quot;&gt; but was:&lt;&quot;[0000]&quot;&gt;">
      <![CDATA[org.junit.ComparisonFailure: expected:<"[9999]"> but was:<"[0000]">
	at sun.reflect.NativeConstructorAccessorImpl.newInstance0(Native Method)
	at sun.reflect.NativeConstructorAccessorImpl.newInstance(NativeConstructorAccessorImpl.java:62)
	at sun.reflect.DelegatingConstructorAccessorImpl.newInstance(DelegatingConstructorAccessorImpl.java:45)
	at com.vine_server.UpdateOrderStateTest.updateOrderStateExpectedDateOfArrivalIsNull(UpdateOrderStateTest.java:1813)
	at sun.reflect.NativeMethodAccessorImpl.invoke0(Native Method)
	at sun.reflect.NativeMethodAccessorImpl.invoke(NativeMethodAccessorImpl.java:62)
	at sun.reflect.DelegatingMethodAccessorImpl.invoke(DelegatingMethodAccessorImpl.java:43)
	at java.lang.reflect.Method.invoke(Method.java:498)
	at org.testng.internal.MethodInvocationHelper.invokeMethod(MethodInvocationHelper.java:85)
	at org.testng.internal.Invoker.invokeMethod(Invoker.java:659)
	at org.testng.internal.Invoker.invokeTestMethod(Invoker.java:845)
	at org.testng.internal.Invoker.invokeTestMethods(Invoker.java:1153)
	at org.testng.internal.TestMethodWorker.invokeTestMethods(TestMethodWorker.java:125)
	at org.testng.internal.TestMethodWorker.run(TestMethodWorker.java:108)
	at org.testng.TestRunner.privateRun(TestRunner.java:771)
	at org.testng.TestRunner.run(TestRunner.java:621)
	at org.testng.SuiteRunner.runTest(SuiteRunner.java:357)
	at org.testng.SuiteRunner.runSequentially(SuiteRunner.java:352)
	at org.testng.SuiteRunner.privateRun(SuiteRunner.java:310)
	at org.testng.SuiteRunner.run(SuiteRunner.java:259)
	at org.testng.SuiteRunnerWorker.runSuite(SuiteRunnerWorker.java:52)
	at org.testng.SuiteRunnerWorker.run(SuiteRunnerWorker.java:86)
	at org.testng.TestNG.runSuitesSequentially(TestNG.java:1199)
	at org.testng.TestNG.runSuitesLocally(TestNG.java:1124)
	at org.testng.TestNG.run(TestNG.java:1032)
	at org.testng.remote.AbstractRemoteTestNG.run(AbstractRemoteTestNG.java:132)
	at org.testng.remote.RemoteTestNG.initAndRun(RemoteTestNG.java:236)
	at org.testng.remote.RemoteTestNG.main(RemoteTestNG.java:81)
]]>
    </failure>
  </testcase> <!-- updateOrderStateExpectedDateOfArrivalIsNull -->
  <testcase name="updateOrderStateStateCodeIsZeroToZero" time="0.140" classname="com.vine_server.UpdateOrderStateTest"/>
  <testcase name="updateOrderStateTokenLong" time="0.056" classname="com.vine_server.UpdateOrderStateTest"/>
  <testcase name="updateOrderStateStateCodeIsOneToFive" time="0.123" classname="com.vine_server.UpdateOrderStateTest"/>
  <testcase name="updateOrderStateStateCodeIsThreeToZero" time="0.140" classname="com.vine_server.UpdateOrderStateTest"/>
  <testcase name="updateOrderStateStateCodeIsThreeToThree" time="0.139" classname="com.vine_server.UpdateOrderStateTest"/>
  <testcase name="updateOrderStateExpectedDateOfArrivalLong" time="0.022" classname="com.vine_server.UpdateOrderStateTest">
    <error type="org.json.JSONException" message="A JSONObject text must begin with &#039;{&#039; at character 1">
      <![CDATA[org.json.JSONException: A JSONObject text must begin with '{' at character 1
	at org.json.JSONTokener.syntaxError(JSONTokener.java:413)
	at org.json.JSONObject.<init>(JSONObject.java:180)
	at org.json.JSONObject.<init>(JSONObject.java:420)
	at com.example.HttpUtil.jfscPost(HttpUtil.java:42)
	at com.vine_server.UpdateOrderStateTest.updateOrderStateExpectedDateOfArrivalLong(UpdateOrderStateTest.java:1789)
	at sun.reflect.NativeMethodAccessorImpl.invoke0(Native Method)
	at sun.reflect.NativeMethodAccessorImpl.invoke(NativeMethodAccessorImpl.java:62)
	at sun.reflect.DelegatingMethodAccessorImpl.invoke(DelegatingMethodAccessorImpl.java:43)
	at java.lang.reflect.Method.invoke(Method.java:498)
	at org.testng.internal.MethodInvocationHelper.invokeMethod(MethodInvocationHelper.java:85)
	at org.testng.internal.Invoker.invokeMethod(Invoker.java:659)
	at org.testng.internal.Invoker.invokeTestMethod(Invoker.java:845)
	at org.testng.internal.Invoker.invokeTestMethods(Invoker.java:1153)
	at org.testng.internal.TestMethodWorker.invokeTestMethods(TestMethodWorker.java:125)
	at org.testng.internal.TestMethodWorker.run(TestMethodWorker.java:108)
	at org.testng.TestRunner.privateRun(TestRunner.java:771)
	at org.testng.TestRunner.run(TestRunner.java:621)
	at org.testng.SuiteRunner.runTest(SuiteRunner.java:357)
	at org.testng.SuiteRunner.runSequentially(SuiteRunner.java:352)
	at org.testng.SuiteRunner.privateRun(SuiteRunner.java:310)
	at org.testng.SuiteRunner.run(SuiteRunner.java:259)
	at org.testng.SuiteRunnerWorker.runSuite(SuiteRunnerWorker.java:52)
	at org.testng.SuiteRunnerWorker.run(SuiteRunnerWorker.java:86)
	at org.testng.TestNG.runSuitesSequentially(TestNG.java:1199)
	at org.testng.TestNG.runSuitesLocally(TestNG.java:1124)
	at org.testng.TestNG.run(TestNG.java:1032)
	at org.testng.remote.AbstractRemoteTestNG.run(AbstractRemoteTestNG.java:132)
	at org.testng.remote.RemoteTestNG.initAndRun(RemoteTestNG.java:236)
	at org.testng.remote.RemoteTestNG.main(RemoteTestNG.java:81)
]]>
    </error>
  </testcase> <!-- updateOrderStateExpectedDateOfArrivalLong -->
  <testcase name="updateOrderStateStateCodeIsRevokeToTwo" time="0.142" classname="com.vine_server.UpdateOrderStateTest"/>
  <testcase name="updateOrderStateStateCodeIsFiveToErro" time="0.127" classname="com.vine_server.UpdateOrderStateTest"/>
  <testcase name="updateOrderStateStateCodeIsZeroToFour" time="0.129" classname="com.vine_server.UpdateOrderStateTest"/>
  <testcase name="updateOrderStateStateCodeIsFiveToZero" time="0.148" classname="com.vine_server.UpdateOrderStateTest"/>
  <testcase name="updateOrderStateStateCodeIsRevokeToFive" time="0.192" classname="com.vine_server.UpdateOrderStateTest"/>
  <testcase name="updateOrderStateExpectedDateOfArrivalPastTime" time="0.101" classname="com.vine_server.UpdateOrderStateTest"/>
  <testcase name="updateOrderStateStateCodeIsThreeToOne" time="0.149" classname="com.vine_server.UpdateOrderStateTest"/>
  <testcase name="updateOrderStateStateCodeIsFiveToOne" time="0.147" classname="com.vine_server.UpdateOrderStateTest"/>
  <testcase name="updateOrderStateStateCodeIsTwoToZero" time="0.135" classname="com.vine_server.UpdateOrderStateTest"/>
  <testcase name="updateOrderStateStateCodeIsThreeToErro" time="0.191" classname="com.vine_server.UpdateOrderStateTest"/>
  <testcase name="updateOrderStateStateCodeIsRevokeToOne" time="0.116" classname="com.vine_server.UpdateOrderStateTest"/>
  <testcase name="updateOrderStateStateCodeIsTwoToOne" time="0.129" classname="com.vine_server.UpdateOrderStateTest"/>
  <testcase name="updateOrderStateStateCodeIsFourToZero" time="0.143" classname="com.vine_server.UpdateOrderStateTest"/>
  <testcase name="updateOrderStateStateCodeIsFiveToTwo" time="0.135" classname="com.vine_server.UpdateOrderStateTest"/>
  <testcase name="updateOrderStateStateCodeIsOneToErro" time="0.137" classname="com.vine_server.UpdateOrderStateTest"/>
  <testcase name="updateOrderStateTokenInvalid" time="0.066" classname="com.vine_server.UpdateOrderStateTest"/>
  <testcase name="updateOrderStateStateCodeIsZeroToOne" time="0.124" classname="com.vine_server.UpdateOrderStateTest"/>
  <testcase name="updateOrderStateStateCodeIsFiveToRevoke" time="0.133" classname="com.vine_server.UpdateOrderStateTest"/>
  <testcase name="updateOrderStateStateCodeIsOneToZero" time="0.139" classname="com.vine_server.UpdateOrderStateTest"/>
  <testcase name="updateOrderStateStateCodeIsFiveToThree" time="0.122" classname="com.vine_server.UpdateOrderStateTest"/>
  <testcase name="updateOrderStateStateCodeIsFiveNonExistent" time="0.131" classname="com.vine_server.UpdateOrderStateTest"/>
  <testcase name="updateOrderStateStateCodeIsTwoToFive" time="0.141" classname="com.vine_server.UpdateOrderStateTest"/>
  <testcase name="updateOrderStateOrderIdNonexistent" time="0.050" classname="com.vine_server.UpdateOrderStateTest"/>
  <testcase name="updateOrderStateStateCodeIsOneToThree" time="0.130" classname="com.vine_server.UpdateOrderStateTest"/>
  <testcase name="updateOrderStateStateCodeIsFourToTwo" time="0.122" classname="com.vine_server.UpdateOrderStateTest"/>
  <testcase name="updateOrderStateExpectedDateOfArrivalIsError" time="0.103" classname="com.vine_server.UpdateOrderStateTest"/>
  <testcase name="updateOrderStateStateCodeIsTwoToErro" time="0.137" classname="com.vine_server.UpdateOrderStateTest"/>
  <testcase name="updateOrderStateStateCodeIsFourToErro" time="0.112" classname="com.vine_server.UpdateOrderStateTest"/>
  <testcase name="updateOrderStateStateCodeIsThreeToRevoke" time="0.152" classname="com.vine_server.UpdateOrderStateTest"/>
  <testcase name="updateOrderStateOrderIdChange" time="0.098" classname="com.vine_server.UpdateOrderStateTest"/>
  <testcase name="updateOrderStateStateCodeIsTwoToRevoke" time="0.122" classname="com.vine_server.UpdateOrderStateTest"/>
  <testcase name="updateOrderStateStateCodeIsRevokeToZero" time="0.127" classname="com.vine_server.UpdateOrderStateTest"/>
  <testcase name="updateOrderStateOrderIdLong" time="0.083" classname="com.vine_server.UpdateOrderStateTest"/>
  <testcase name="updateOrderStateStateCodeIsOneToOne" time="0.123" classname="com.vine_server.UpdateOrderStateTest"/>
  <testcase name="updateOrderStateStateCodeIsOneToRevoke" time="0.143" classname="com.vine_server.UpdateOrderStateTest"/>
  <testcase name="updateOrderStateStateCodeIsTwoToTwo" time="0.147" classname="com.vine_server.UpdateOrderStateTest"/>
  <testcase name="updateOrderStateStateCodeIsZeroToTwo" time="0.163" classname="com.vine_server.UpdateOrderStateTest"/>
  <testcase name="updateOrderStateStateCodeIsThreeToFive" time="0.151" classname="com.vine_server.UpdateOrderStateTest"/>
  <testcase name="updateOrderStateStateCodeIsFiveToFive" time="0.131" classname="com.vine_server.UpdateOrderStateTest"/>
  <testcase name="updateOrderStateStateCodeIsFourToFour" time="0.140" classname="com.vine_server.UpdateOrderStateTest"/>
  <testcase name="updateOrderStateStateCodeIsFourToOne" time="0.118" classname="com.vine_server.UpdateOrderStateTest"/>
  <testcase name="updateOrderStateStateCodeIsFourToThree" time="0.128" classname="com.vine_server.UpdateOrderStateTest"/>
  <testcase name="updateOrderStateStateCodeIsTwoToFour" time="0.117" classname="com.vine_server.UpdateOrderStateTest"/>
  <testcase name="updateOrderStateStateCodeIsZeroToThree" time="0.147" classname="com.vine_server.UpdateOrderStateTest"/>
  <testcase name="updateOrderStateStateCodeIsFiveIsNull" time="0.154" classname="com.vine_server.UpdateOrderStateTest"/>
  <testcase name="updateOrderStateStateCodeIsThreeToTwo" time="0.123" classname="com.vine_server.UpdateOrderStateTest"/>
  <testcase name="updateOrderStateStateCodeIsZeroToFive" time="0.152" classname="com.vine_server.UpdateOrderStateTest"/>
  <testcase name="updateOrderStateOrderIdNonChange" time="0.102" classname="com.vine_server.UpdateOrderStateTest"/>
  <testcase name="updateOrderStateStateCodeIsFourToFive" time="0.138" classname="com.vine_server.UpdateOrderStateTest"/>
  <testcase name="updateOrderStateStateCodeIsOneToFour" time="0.132" classname="com.vine_server.UpdateOrderStateTest"/>
  <testcase name="updateOrderStateStateCodeIsThreeToFour" time="0.143" classname="com.vine_server.UpdateOrderStateTest"/>
  <testcase name="updateOrderStateStateCodeIsZeroToRevoke" time="0.165" classname="com.vine_server.UpdateOrderStateTest"/>
  <testcase name="updateOrderStateTokenIsNull" time="0.060" classname="com.vine_server.UpdateOrderStateTest"/>
  <testcase name="updateOrderStateTokenNonexistent" time="0.053" classname="com.vine_server.UpdateOrderStateTest"/>
  <testcase name="updateOrderStateCorrectParameter" time="0.155" classname="com.vine_server.UpdateOrderStateTest"/>
  <testcase name="updateOrderStateStateCodeIsFourToRevoke" time="0.144" classname="com.vine_server.UpdateOrderStateTest"/>
</testsuite> <!-- com.vine_server.UpdateOrderStateTest -->
