<?xml version="1.0" encoding="UTF-8"?>
<!-- Generated by org.testng.reporters.JUnitReportReporter -->
<testsuite hostname="M0QRPSGAP4T3TPP" name="com.webDynamic.labelManagement.GetLabelTimesTest" tests="13" failures="2" timestamp="24 Jul 2018 10:10:52 GMT" time="0.137" errors="0">
  <testcase name="postGetLabelTimesTestUserIdIsDecimal" time="0.030" classname="com.webDynamic.labelManagement.GetLabelTimesTest">
    <failure type="org.junit.ComparisonFailure" message="expected:&lt;&quot;[添加]成功&quot;&gt; but was:&lt;&quot;[]成功&quot;&gt;">
      <![CDATA[org.junit.ComparisonFailure: expected:<"[添加]成功"> but was:<"[]成功">
	at sun.reflect.NativeConstructorAccessorImpl.newInstance0(Native Method)
	at sun.reflect.NativeConstructorAccessorImpl.newInstance(Unknown Source)
	at sun.reflect.DelegatingConstructorAccessorImpl.newInstance(Unknown Source)
	at com.webDynamic.labelManagement.GetLabelTimesTest.postGetLabelTimesTestUserIdIsDecimal(GetLabelTimesTest.java:93)
	at sun.reflect.NativeMethodAccessorImpl.invoke0(Native Method)
	at sun.reflect.NativeMethodAccessorImpl.invoke(Unknown Source)
	at sun.reflect.DelegatingMethodAccessorImpl.invoke(Unknown Source)
	at java.lang.reflect.Method.invoke(Unknown Source)
	at org.testng.internal.MethodInvocationHelper.invokeMethod(MethodInvocationHelper.java:85)
	at org.testng.internal.Invoker.invokeMethod(Invoker.java:659)
	at org.testng.internal.Invoker.invokeTestMethod(Invoker.java:845)
	at org.testng.internal.Invoker.invokeTestMethods(Invoker.java:1153)
	at org.testng.internal.TestMethodWorker.invokeTestMethods(TestMethodWorker.java:125)
	at org.testng.internal.TestMethodWorker.run(TestMethodWorker.java:108)
	at org.testng.TestRunner.privateRun(TestRunner.java:771)
	at org.testng.TestRunner.run(TestRunner.java:621)
	at org.testng.SuiteRunner.runTest(SuiteRunner.java:357)
	at org.testng.SuiteRunner.runSequentially(SuiteRunner.java:352)
	at org.testng.SuiteRunner.privateRun(SuiteRunner.java:310)
	at org.testng.SuiteRunner.run(SuiteRunner.java:259)
	at org.testng.SuiteRunnerWorker.runSuite(SuiteRunnerWorker.java:52)
	at org.testng.SuiteRunnerWorker.run(SuiteRunnerWorker.java:86)
	at org.testng.TestNG.runSuitesSequentially(TestNG.java:1199)
	at org.testng.TestNG.runSuitesLocally(TestNG.java:1124)
	at org.testng.TestNG.run(TestNG.java:1032)
	at org.testng.remote.AbstractRemoteTestNG.run(AbstractRemoteTestNG.java:114)
	at org.testng.remote.RemoteTestNG.initAndRun(RemoteTestNG.java:251)
	at org.testng.remote.RemoteTestNG.main(RemoteTestNG.java:77)
]]>
    </failure>
  </testcase> <!-- postGetLabelTimesTestUserIdIsDecimal -->
  <testcase name="postGetLabelTimesTestUserIdIllegalCharacters" time="0.010" classname="com.webDynamic.labelManagement.GetLabelTimesTest"/>
  <testcase name="postGetLabelTimesTestUserIdIsZero" time="0.008" classname="com.webDynamic.labelManagement.GetLabelTimesTest"/>
  <testcase name="postGetLabelTimesTestUserIdIsLong" time="0.009" classname="com.webDynamic.labelManagement.GetLabelTimesTest"/>
  <testcase name="postGetLabelTimesTestCorrectParameter" time="0.015" classname="com.webDynamic.labelManagement.GetLabelTimesTest"/>
  <testcase name="postGetLabelTimesTestUserIdIsNull" time="0.007" classname="com.webDynamic.labelManagement.GetLabelTimesTest"/>
  <testcase name="postGetLabelTimesTestUserIdNotLoggedIn" time="0.010" classname="com.webDynamic.labelManagement.GetLabelTimesTest">
    <failure type="org.junit.ComparisonFailure" message="expected:&lt;&quot;[添加]成功&quot;&gt; but was:&lt;&quot;[]成功&quot;&gt;">
      <![CDATA[org.junit.ComparisonFailure: expected:<"[添加]成功"> but was:<"[]成功">
	at sun.reflect.NativeConstructorAccessorImpl.newInstance0(Native Method)
	at sun.reflect.NativeConstructorAccessorImpl.newInstance(Unknown Source)
	at sun.reflect.DelegatingConstructorAccessorImpl.newInstance(Unknown Source)
	at com.webDynamic.labelManagement.GetLabelTimesTest.postGetLabelTimesTestUserIdNotLoggedIn(GetLabelTimesTest.java:52)
	at sun.reflect.NativeMethodAccessorImpl.invoke0(Native Method)
	at sun.reflect.NativeMethodAccessorImpl.invoke(Unknown Source)
	at sun.reflect.DelegatingMethodAccessorImpl.invoke(Unknown Source)
	at java.lang.reflect.Method.invoke(Unknown Source)
	at org.testng.internal.MethodInvocationHelper.invokeMethod(MethodInvocationHelper.java:85)
	at org.testng.internal.Invoker.invokeMethod(Invoker.java:659)
	at org.testng.internal.Invoker.invokeTestMethod(Invoker.java:845)
	at org.testng.internal.Invoker.invokeTestMethods(Invoker.java:1153)
	at org.testng.internal.TestMethodWorker.invokeTestMethods(TestMethodWorker.java:125)
	at org.testng.internal.TestMethodWorker.run(TestMethodWorker.java:108)
	at org.testng.TestRunner.privateRun(TestRunner.java:771)
	at org.testng.TestRunner.run(TestRunner.java:621)
	at org.testng.SuiteRunner.runTest(SuiteRunner.java:357)
	at org.testng.SuiteRunner.runSequentially(SuiteRunner.java:352)
	at org.testng.SuiteRunner.privateRun(SuiteRunner.java:310)
	at org.testng.SuiteRunner.run(SuiteRunner.java:259)
	at org.testng.SuiteRunnerWorker.runSuite(SuiteRunnerWorker.java:52)
	at org.testng.SuiteRunnerWorker.run(SuiteRunnerWorker.java:86)
	at org.testng.TestNG.runSuitesSequentially(TestNG.java:1199)
	at org.testng.TestNG.runSuitesLocally(TestNG.java:1124)
	at org.testng.TestNG.run(TestNG.java:1032)
	at org.testng.remote.AbstractRemoteTestNG.run(AbstractRemoteTestNG.java:114)
	at org.testng.remote.RemoteTestNG.initAndRun(RemoteTestNG.java:251)
	at org.testng.remote.RemoteTestNG.main(RemoteTestNG.java:77)
]]>
    </failure>
  </testcase> <!-- postGetLabelTimesTestUserIdNotLoggedIn -->
  <testcase name="postGetLabelTimesTestUserIdNonSubmissionParameters" time="0.006" classname="com.webDynamic.labelManagement.GetLabelTimesTest"/>
  <testcase name="postGetLabelTimesTestUserIdIsEmpty" time="0.007" classname="com.webDynamic.labelManagement.GetLabelTimesTest"/>
  <testcase name="postGetLabelTimesTestUserIdIsError" time="0.010" classname="com.webDynamic.labelManagement.GetLabelTimesTest"/>
  <testcase name="postGetLabelTimesTestUserIdIsSpace" time="0.008" classname="com.webDynamic.labelManagement.GetLabelTimesTest"/>
  <testcase name="postGetLabelTimesTestUserIdIsString" time="0.010" classname="com.webDynamic.labelManagement.GetLabelTimesTest"/>
  <testcase name="postGetLabelTimesTestUserIdIsNegativeNumber" time="0.007" classname="com.webDynamic.labelManagement.GetLabelTimesTest"/>
</testsuite> <!-- com.webDynamic.labelManagement.GetLabelTimesTest -->
